#-----------------------------------------------------------
# Vivado v2017.4 (64-bit)
# SW Build 2086221 on Fri Dec 15 20:55:39 MST 2017
# IP Build 2085800 on Fri Dec 15 22:25:07 MST 2017
# Start of session at: Fri May 27 07:26:48 2022
# Process ID: 23188
# Current directory: F:/CS/大二下/数字逻辑/实验/exp4/1120202004+邓雅萱/1120202004+邓雅萱
# Command line: vivado.exe -gui_launcher_event rodinguilauncherevent10892 F:\cs\大二下\数字逻辑\实验\exp4\1120202004+邓雅萱\1120202004+邓雅萱\exp_4_3.xpr
# Log file: F:/CS/大二下/数字逻辑/实验/exp4/1120202004+邓雅萱/1120202004+邓雅萱/vivado.log
# Journal file: F:/CS/大二下/数字逻辑/实验/exp4/1120202004+邓雅萱/1120202004+邓雅萱\vivado.jou
#-----------------------------------------------------------
start_gui
open_project F:/cs/大二下/数字逻辑/实验/exp4/1120202004+邓雅萱/1120202004+邓雅萱/exp_4_3.xpr
INFO: [Project 1-313] Project file moved from 'C:/Users/JieYuan/Desktop/code/vivado/exp_4_3' since last save.
Scanning sources...
Finished scanning sources
INFO: [IP_Flow 19-234] Refreshing IP repositories
INFO: [IP_Flow 19-1704] No user IP repositories specified
INFO: [IP_Flow 19-2313] Loaded Vivado IP repository 'D:/vivado/Vivado/2017.4/data/ip'.
update_compile_order -fileset sources_1
exit
INFO: [Common 17-206] Exiting Vivado at Fri May 27 07:27:11 2022...
