#-----------------------------------------------------------
# Vivado v2017.4 (64-bit)
# SW Build 2086221 on Fri Dec 15 20:55:39 MST 2017
# IP Build 2085800 on Fri Dec 15 22:25:07 MST 2017
# Start of session at: Sat May 14 14:41:46 2022
# Process ID: 14564
# Current directory: F:/CS/大二下/数字逻辑/实验/exp2/1120202004+邓雅萱/1120202004+邓雅萱
# Command line: vivado.exe -gui_launcher_event rodinguilauncherevent26292 F:\cs\大二下\数字逻辑\实验\exp2\1120202004+邓雅萱\1120202004+邓雅萱\exp_2.xpr
# Log file: F:/CS/大二下/数字逻辑/实验/exp2/1120202004+邓雅萱/1120202004+邓雅萱/vivado.log
# Journal file: F:/CS/大二下/数字逻辑/实验/exp2/1120202004+邓雅萱/1120202004+邓雅萱\vivado.jou
#-----------------------------------------------------------
start_gui
open_project F:/cs/大二下/数字逻辑/实验/exp2/1120202004+邓雅萱/1120202004+邓雅萱/exp_2.xpr
INFO: [Project 1-313] Project file moved from 'F:/cs/CS/vivado/exp_2' since last save.
Scanning sources...
Finished scanning sources
INFO: [IP_Flow 19-234] Refreshing IP repositories
INFO: [IP_Flow 19-1704] No user IP repositories specified
INFO: [IP_Flow 19-2313] Loaded Vivado IP repository 'D:/vivado/Vivado/2017.4/data/ip'.
update_compile_order -fileset sources_1
launch_simulation
INFO: [Vivado 12-5682] Launching behavioral simulation in 'F:/cs/大二下/数字逻辑/实验/exp2/1120202004+邓雅萱/1120202004+邓雅萱/exp_2.sim/sim_1/behav/xsim'
INFO: [SIM-utils-51] Simulation object is 'sim_1'
INFO: [SIM-utils-54] Inspecting design source files for 'testbench' in fileset 'sim_1'...
INFO: [USF-XSim-97] Finding global include files...
INFO: [USF-XSim-98] Fetching design files from 'sim_1'...
INFO: [USF-XSim-2] XSim::Compile design
INFO: [USF-XSim-61] Executing 'COMPILE and ANALYZE' step in 'F:/cs/大二下/数字逻辑/实验/exp2/1120202004+邓雅萱/1120202004+邓雅萱/exp_2.sim/sim_1/behav/xsim'
"xvlog --incr --relax -prj testbench_vlog.prj"
INFO: [VRFC 10-2263] Analyzing Verilog file "F:/cs/大二下/数字逻辑/实验/exp2/1120202004+邓雅萱/1120202004+邓雅萱/exp_2.srcs/sources_1/new/caculate.v" into library xil_defaultlib
INFO: [VRFC 10-311] analyzing module calculate
INFO: [VRFC 10-2263] Analyzing Verilog file "F:/cs/大二下/数字逻辑/实验/exp2/1120202004+邓雅萱/1120202004+邓雅萱/exp_2.srcs/sim_1/new/testbench.v" into library xil_defaultlib
INFO: [VRFC 10-311] analyzing module testbench
INFO: [VRFC 10-2263] Analyzing Verilog file "F:/cs/大二下/数字逻辑/实验/exp2/1120202004+邓雅萱/1120202004+邓雅萱/exp_2.sim/sim_1/behav/xsim/glbl.v" into library xil_defaultlib
INFO: [VRFC 10-311] analyzing module glbl
INFO: [USF-XSim-69] 'compile' step finished in '1' seconds
INFO: [USF-XSim-3] XSim::Elaborate design
INFO: [USF-XSim-61] Executing 'ELABORATE' step in 'F:/cs/大二下/数字逻辑/实验/exp2/1120202004+邓雅萱/1120202004+邓雅萱/exp_2.sim/sim_1/behav/xsim'
Vivado Simulator 2017.4
Copyright 1986-1999, 2001-2016 Xilinx, Inc. All Rights Reserved.
Running: D:/vivado/Vivado/2017.4/bin/unwrapped/win64.o/xelab.exe -wto 1c1f25a244d140fe8d93149e7a5e4df0 --incr --debug typical --relax --mt 2 -L xil_defaultlib -L unisims_ver -L unimacro_ver -L secureip --snapshot testbench_behav xil_defaultlib.testbench xil_defaultlib.glbl -log elaborate.log 
Using 2 slave threads.
Starting static elaboration
Completed static elaboration
Starting simulation data flow analysis
Completed simulation data flow analysis
Time Resolution for simulation is 1ps
Compiling module xil_defaultlib.calculate
Compiling module xil_defaultlib.testbench
Compiling module xil_defaultlib.glbl
Built simulation snapshot testbench_behav
INFO: [USF-XSim-69] 'elaborate' step finished in '1' seconds
INFO: [USF-XSim-4] XSim::Simulate design
INFO: [USF-XSim-61] Executing 'SIMULATE' step in 'F:/cs/大二下/数字逻辑/实验/exp2/1120202004+邓雅萱/1120202004+邓雅萱/exp_2.sim/sim_1/behav/xsim'
INFO: [USF-XSim-98] *** Running xsim
   with args "testbench_behav -key {Behavioral:sim_1:Functional:testbench} -tclbatch {testbench.tcl} -view {F:/cs/大二下/数字逻辑/实验/exp2/1120202004+邓雅萱/1120202004+邓雅萱/testbench_behav.wcfg} -log {simulate.log}"
INFO: [USF-XSim-8] Loading simulator feature
Vivado Simulator 2017.4
Time resolution is 1 ps
open_wave_config F:/cs/大二下/数字逻辑/实验/exp2/1120202004+邓雅萱/1120202004+邓雅萱/testbench_behav.wcfg
source testbench.tcl
# set curr_wave [current_wave_config]
# if { [string length $curr_wave] == 0 } {
#   if { [llength [get_objects]] > 0} {
#     add_wave /
#     set_property needs_save false [current_wave_config]
#   } else {
#      send_msg_id Add_Wave-1 WARNING "No top level signals found. Simulator will start without a wave window. If you want to open a wave window go to 'File->New Waveform Configuration' or type 'create_wave_config' in the TCL console."
#   }
# }
# run 1000ns
INFO: [USF-XSim-96] XSim completed. Design snapshot 'testbench_behav' loaded.
INFO: [USF-XSim-97] XSim simulation ran for 1000ns
close_sim
INFO: [Simtcl 6-16] Simulation closed
exit
INFO: [Common 17-206] Exiting Vivado at Sat May 14 14:42:20 2022...
